<?xml version="1.0" encoding="UTF-8"?>
<!-- Generated by org.testng.reporters.JUnitXMLReporter -->
<testsuite ignored="0" hostname="DESKTOP-V3061FL" failures="0" tests="5" name="RegressionTest" time="25.642" errors="0" timestamp="2024-03-05T21:32:07 IST">
  <testcase classname="test.TC002_Signup" name="signupTest" time="1.066"/>
  <testcase classname="test.TC001_LoginTest" name="loginTest" time="0.887"/>
  <testcase classname="test.TC001_LoginTest" name="loginTest" time="1.011"/>
  <testcase classname="test.TC001_LoginTest" name="loginTest" time="0.784"/>
  <testcase classname="test.TC001_LoginTest" name="loginTest" time="0.822"/>
</testsuite> <!-- RegressionTest -->
