<?xml version="1.0" encoding="UTF-8"?>
<!-- Generated by org.testng.reporters.JUnitXMLReporter -->
<testsuite ignored="0" hostname="DESKTOP-V3061FL" failures="0" tests="5" name="Test" time="32.281" errors="0" timestamp="2024-03-05T11:57:13 IST">
  <testcase classname="test.TC002_Signup" name="signupTest" time="5.182"/>
  <testcase classname="test.TC001_LoginTest" name="loginTest" time="3.845"/>
  <testcase classname="test.TC001_LoginTest" name="loginTest" time="12.663"/>
  <testcase classname="test.TC001_LoginTest" name="loginTest" time="4.04"/>
  <testcase classname="test.TC001_LoginTest" name="loginTest" time="4.824"/>
</testsuite> <!-- Test -->
